{"/home/david/Documentos/testBackend/src/controllers/hoteles.controller.ts": {"path":"/home/david/Documentos/testBackend/src/controllers/hoteles.controller.ts","statementMap":{"0":{"start":{"line":2,"column":0},"end":{"line":2,"column":26}},"1":{"start":{"line":3,"column":0},"end":{"line":3,"column":28}},"2":{"start":{"line":4,"column":0},"end":{"line":4,"column":24}},"3":{"start":{"line":6,"column":0},"end":{"line":6,"column":16}},"4":{"start":{"line":47,"column":20},"end":{"line":57,"column":2}},"5":{"start":{"line":49,"column":43},"end":{"line":49,"column":67}},"6":{"start":{"line":52,"column":44},"end":{"line":52,"column":68}},"7":{"start":{"line":59,"column":26},"end":{"line":59,"column":55}},"8":{"start":{"line":60,"column":30},"end":{"line":60,"column":63}},"9":{"start":{"line":62,"column":0},"end":{"line":64,"column":1}},"10":{"start":{"line":63,"column":4},"end":{"line":63,"column":70}},"11":{"start":{"line":66,"column":28},"end":{"line":92,"column":null}},"12":{"start":{"line":66,"column":39},"end":{"line":92,"column":null}},"13":{"start":{"line":67,"column":4},"end":{"line":67,"column":49}},"14":{"start":{"line":68,"column":4},"end":{"line":68,"column":57}},"15":{"start":{"line":69,"column":4},"end":{"line":91,"column":5}},"16":{"start":{"line":70,"column":25},"end":{"line":80,"column":null}},"17":{"start":{"line":82,"column":8},"end":{"line":82,"column":42}},"18":{"start":{"line":66,"column":13},"end":{"line":66,"column":28}},"19":{"start":{"line":94,"column":34},"end":{"line":132,"column":null}},"20":{"start":{"line":94,"column":72},"end":{"line":132,"column":null}},"21":{"start":{"line":95,"column":4},"end":{"line":131,"column":5}},"22":{"start":{"line":97,"column":31},"end":{"line":97,"column":59}},"23":{"start":{"line":99,"column":78},"end":{"line":99,"column":92}},"24":{"start":{"line":101,"column":22},"end":{"line":101,"column":42}},"25":{"start":{"line":103,"column":20},"end":{"line":103,"column":235}},"26":{"start":{"line":105,"column":25},"end":{"line":107,"column":10}},"27":{"start":{"line":109,"column":23},"end":{"line":120,"column":11}},"28":{"start":{"line":109,"column":76},"end":{"line":120,"column":10}},"29":{"start":{"line":122,"column":8},"end":{"line":127,"column":11}},"30":{"start":{"line":129,"column":8},"end":{"line":129,"column":84}},"31":{"start":{"line":130,"column":8},"end":{"line":130,"column":131}},"32":{"start":{"line":94,"column":13},"end":{"line":94,"column":34}}},"fnMap":{"0":{"name":"(anonymous_8)","decl":{"start":{"line":49,"column":35},"end":{"line":49,"column":39}},"loc":{"start":{"line":49,"column":43},"end":{"line":49,"column":67}}},"1":{"name":"(anonymous_9)","decl":{"start":{"line":52,"column":36},"end":{"line":52,"column":40}},"loc":{"start":{"line":52,"column":44},"end":{"line":52,"column":68}}},"2":{"name":"(anonymous_10)","decl":{"start":{"line":66,"column":28},"end":{"line":66,"column":37}},"loc":{"start":{"line":66,"column":39},"end":{"line":92,"column":null}}},"3":{"name":"(anonymous_11)","decl":{"start":{"line":66,"column":39},"end":{"line":66,"column":null}},"loc":{"start":{"line":66,"column":39},"end":{"line":92,"column":1}}},"4":{"name":"(anonymous_12)","decl":{"start":{"line":94,"column":34},"end":{"line":94,"column":41}},"loc":{"start":{"line":94,"column":72},"end":{"line":132,"column":null}}},"5":{"name":"(anonymous_13)","decl":{"start":{"line":94,"column":72},"end":{"line":94,"column":null}},"loc":{"start":{"line":94,"column":72},"end":{"line":132,"column":1}}},"6":{"name":"(anonymous_14)","decl":{"start":{"line":109,"column":46},"end":{"line":109,"column":47}},"loc":{"start":{"line":109,"column":76},"end":{"line":120,"column":10}}}},"branchMap":{"0":{"loc":{"start":{"line":62,"column":0},"end":{"line":64,"column":1}},"type":"if","locations":[{"start":{"line":62,"column":0},"end":{"line":64,"column":1}}]},"1":{"loc":{"start":{"line":62,"column":4},"end":{"line":62,"column":48}},"type":"binary-expr","locations":[{"start":{"line":62,"column":4},"end":{"line":62,"column":22}},{"start":{"line":62,"column":26},"end":{"line":62,"column":48}}]},"2":{"loc":{"start":{"line":110,"column":18},"end":{"line":110,"column":60}},"type":"binary-expr","locations":[{"start":{"line":110,"column":18},"end":{"line":110,"column":34}},{"start":{"line":110,"column":38},"end":{"line":110,"column":60}}]},"3":{"loc":{"start":{"line":111,"column":20},"end":{"line":111,"column":46}},"type":"binary-expr","locations":[{"start":{"line":111,"column":20},"end":{"line":111,"column":38}},{"start":{"line":111,"column":42},"end":{"line":111,"column":46}}]},"4":{"loc":{"start":{"line":112,"column":21},"end":{"line":114,"column":43}},"type":"cond-expr","locations":[{"start":{"line":113,"column":18},"end":{"line":113,"column":54}},{"start":{"line":114,"column":18},"end":{"line":114,"column":43}}]},"5":{"loc":{"start":{"line":112,"column":21},"end":{"line":112,"column":69}},"type":"binary-expr","locations":[{"start":{"line":112,"column":21},"end":{"line":112,"column":40}},{"start":{"line":112,"column":44},"end":{"line":112,"column":69}}]},"6":{"loc":{"start":{"line":130,"column":38},"end":{"line":130,"column":127}},"type":"cond-expr","locations":[{"start":{"line":130,"column":68},"end":{"line":130,"column":80}},{"start":{"line":130,"column":83},"end":{"line":130,"column":127}}]}},"s":{"0":1,"1":1,"2":1,"3":1,"4":1,"5":0,"6":0,"7":1,"8":1,"9":1,"10":0,"11":1,"12":3,"13":3,"14":3,"15":3,"16":3,"17":1,"18":1,"19":1,"20":0,"21":0,"22":0,"23":0,"24":0,"25":0,"26":0,"27":0,"28":0,"29":0,"30":0,"31":0,"32":1},"f":{"0":0,"1":0,"2":3,"3":3,"4":0,"5":0,"6":0},"b":{"0":[0],"1":[1,1],"2":[0,0],"3":[0,0],"4":[0,0],"5":[0,0],"6":[0,0]}}
}
