TN:
SF:src/controllers/hoteles.controller.ts
FN:49,(anonymous_8)
FN:52,(anonymous_9)
FN:66,(anonymous_10)
FN:66,(anonymous_11)
FN:94,(anonymous_12)
FN:94,(anonymous_13)
FN:109,(anonymous_14)
FNF:7
FNH:2
FNDA:0,(anonymous_8)
FNDA:0,(anonymous_9)
FNDA:3,(anonymous_10)
FNDA:3,(anonymous_11)
FNDA:0,(anonymous_12)
FNDA:0,(anonymous_13)
FNDA:0,(anonymous_14)
DA:2,1
DA:3,1
DA:4,1
DA:6,1
DA:47,1
DA:49,0
DA:52,0
DA:59,1
DA:60,1
DA:62,1
DA:63,0
DA:66,3
DA:67,3
DA:68,3
DA:69,3
DA:70,3
DA:82,1
DA:94,1
DA:95,0
DA:97,0
DA:99,0
DA:101,0
DA:103,0
DA:105,0
DA:109,0
DA:122,0
DA:129,0
DA:130,0
LF:28
LH:15
BRDA:62,0,0,0
BRDA:62,1,0,1
BRDA:62,1,1,1
BRDA:110,2,0,0
BRDA:110,2,1,0
BRDA:111,3,0,0
BRDA:111,3,1,0
BRDA:112,4,0,0
BRDA:112,4,1,0
BRDA:112,5,0,0
BRDA:112,5,1,0
BRDA:130,6,0,0
BRDA:130,6,1,0
BRF:13
BRH:2
end_of_record
